#
# A fatal error has been detected by the Java Runtime Environment:
#
#  EXCEPTION_ACCESS_VIOLATION (0xc0000005) at pc=0x0a9d8b00, pid=4188, tid=0x00001a00
#
# JRE version: Java(TM) SE Runtime Environment (8.0_171-b11) (build 1.8.0_171-b11)
# Java VM: Java HotSpot(TM) Client VM (25.171-b11 mixed mode windows-x86 )
# Problematic frame:
# C  0x0a9d8b00
#
# Failed to write core dump. Minidumps are not enabled by default on client versions of Windows
#
# If you would like to submit a bug report, please visit:
#   http://bugreport.java.com/bugreport/crash.jsp
# The crash happened outside the Java Virtual Machine in native code.
# See problematic frame for where to report the bug.
#

---------------  T H R E A D  ---------------

Current thread (0x0a94b400):  JavaThread "ForkJoinPool.commonPool-worker-1" daemon [_thread_in_native, id=6656, stack(0x0cbd0000,0x0cc20000)]

siginfo: ExceptionCode=0xc0000005, ExceptionInformation=0x00000008 0x0a9d8b00

Registers:
EAX=0x00000004, EBX=0x0a94b540, ECX=0x00000000, EDX=0x0a972f74
ESP=0x0cc1f588, EBP=0x0cc1f5b8, ESI=0x0cc1f5d8, EDI=0x0a7a0ac8
EIP=0x0a9d8b00, EFLAGS=0x00010216

Top of Stack: (sp=0x0cc1f588)
0x0cc1f588:   0cc1f664 00000000 5bce9fcc 5bcea0ac
0x0cc1f598:   0aa12650 00000000 00000002 0ab0efdc
0x0cc1f5a8:   0ca95c90 0ca95c90 0cc1f5e4 0cc1f5f0
0x0cc1f5b8:   0cc1f618 6396669d 0a9d8bd0 0ab0ebe8
0x0cc1f5c8:   0ab0ebf0 0ab0efdc 000003ec 0320be94
0x0cc1f5d8:   00000000 00000000 00000000 0cc1f60c
0x0cc1f5e8:   5ba913c0 0a94b400 00000006 00000008
0x0cc1f5f8:   0a94b400 0ca95c88 0ca95c90 0ca95c90 

Instructions: (pc=0x0a9d8b00)
0x0a9d8ae0:   55 54 5f 46 49 4c 45 0f dc 7c b8 41 00 13 00 88
0x0a9d8af0:   0a 00 01 00 06 5c d7 37 4b 45 59 5f 4d 45 52 47
0x0a9d8b00:   45 44 00 04 0c b6 00 00 e0 7c b8 41 00 00 00 88
0x0a9d8b10:   0a 00 01 00 8e aa da 1b 4b 45 59 5f 53 4f 55 52 


Register to memory mapping:

EAX=0x00000004 is an unknown value
EBX=0x0a94b540 is an unknown value
ECX=0x00000000 is an unknown value
EDX=0x0a972f74 is an unknown value
ESP=0x0cc1f588 is pointing into the stack for thread: 0x0a94b400
EBP=0x0cc1f5b8 is pointing into the stack for thread: 0x0a94b400
ESI=0x0cc1f5d8 is pointing into the stack for thread: 0x0a94b400
EDI=0x0a7a0ac8 is an unknown value


Stack: [0x0cbd0000,0x0cc20000],  sp=0x0cc1f588,  free space=317k
Native frames: (J=compiled Java code, j=interpreted, Vv=VM code, C=native code)
C  0x0a9d8b00
C  [libaapt2_jni.dll+0x2669d]
j  com.android.tools.aapt2.Aapt2Jni.nativeCompile(Ljava/util/List;Lcom/android/tools/aapt2/Aapt2JniLogCallback;)I+0
j  com.android.tools.aapt2.Aapt2Jni.compile(Ljava/util/List;)Lcom/android/tools/aapt2/Aapt2Result;+6
j  com.android.builder.internal.aapt.v2.AaptV2Jni.lambda$compile$0(Lcom/android/ide/common/res2/CompileResourceRequest;)Ljava/io/File;+6
j  com.android.builder.internal.aapt.v2.AaptV2Jni$$Lambda$262.call()Ljava/lang/Object;+8
j  java.util.concurrent.ForkJoinTask$AdaptedCallable.exec()Z+5
j  java.util.concurrent.ForkJoinTask.doExec()I+10
j  java.util.concurrent.ForkJoinPool$WorkQueue.runTask(Ljava/util/concurrent/ForkJoinTask;)V+21
j  java.util.concurrent.ForkJoinPool.runWorker(Ljava/util/concurrent/ForkJoinPool$WorkQueue;)V+35
j  java.util.concurrent.ForkJoinWorkerThread.run()V+24
v  ~StubRoutines::call_stub
V  [jvm.dll+0x15b985]
V  [jvm.dll+0x22262e]
V  [jvm.dll+0x15ba1e]
V  [jvm.dll+0x15bba6]
V  [jvm.dll+0x15bc17]
V  [jvm.dll+0xffb3f]
V  [jvm.dll+0x17eb50]
V  [jvm.dll+0x17f3ca]
V  [jvm.dll+0x1c3fe6]
C  [msvcr100.dll+0x5c556]
C  [msvcr100.dll+0x5c600]
C  [kernel32.dll+0x1336a]
C  [ntdll.dll+0x398f2]
C  [ntdll.dll+0x398c5]
C  0x00000000

Java frames: (J=compiled Java code, j=interpreted, Vv=VM code)
j  com.android.tools.aapt2.Aapt2Jni.nativeCompile(Ljava/util/List;Lcom/android/tools/aapt2/Aapt2JniLogCallback;)I+0
j  com.android.tools.aapt2.Aapt2Jni.compile(Ljava/util/List;)Lcom/android/tools/aapt2/Aapt2Result;+6
j  com.android.builder.internal.aapt.v2.AaptV2Jni.lambda$compile$0(Lcom/android/ide/common/res2/CompileResourceRequest;)Ljava/io/File;+6
j  com.android.builder.internal.aapt.v2.AaptV2Jni$$Lambda$262.call()Ljava/lang/Object;+8
j  java.util.concurrent.ForkJoinTask$AdaptedCallable.exec()Z+5
j  java.util.concurrent.ForkJoinTask.doExec()I+10
j  java.util.concurrent.ForkJoinPool$WorkQueue.runTask(Ljava/util/concurrent/ForkJoinTask;)V+21
j  java.util.concurrent.ForkJoinPool.runWorker(Ljava/util/concurrent/ForkJoinPool$WorkQueue;)V+35
j  java.util.concurrent.ForkJoinWorkerThread.run()V+24
v  ~StubRoutines::call_stub

---------------  P R O C E S S  ---------------

Java Threads: ( => current thread )
=>0x0a94b400 JavaThread "ForkJoinPool.commonPool-worker-1" daemon [_thread_in_native, id=6656, stack(0x0cbd0000,0x0cc20000)]
  0x0a94b000 JavaThread "Task worker Thread 3" [_thread_blocked, id=5288, stack(0x0c9b0000,0x0ca00000)]
  0x0a94a800 JavaThread "Task worker Thread 2" [_thread_blocked, id=5864, stack(0x0c920000,0x0c970000)]
  0x0a94a400 JavaThread "Task worker" [_thread_blocked, id=4712, stack(0x0c870000,0x0c8c0000)]
  0x07c83400 JavaThread "Cache worker for task history cache (D:\gitApplication\.gradle\4.0-rc-1\taskHistory)" [_thread_blocked, id=6532, stack(0x0c450000,0x0c4a0000)]
  0x0a949c00 JavaThread "build operations Thread 4" [_thread_blocked, id=6116, stack(0x0bfb0000,0x0c000000)]
  0x07c86000 JavaThread "build operations Thread 3" [_thread_blocked, id=4436, stack(0x09b30000,0x09b80000)]
  0x07c85800 JavaThread "build operations Thread 2" [_thread_blocked, id=5944, stack(0x077f0000,0x07840000)]
  0x07c86400 JavaThread "build operations" [_thread_blocked, id=4648, stack(0x09c30000,0x09c80000)]
  0x07c83800 JavaThread "Cache worker for Artifact transforms cache (C:\Users\Administrator\.gradle\caches\transforms-1)" [_thread_blocked, id=1884, stack(0x07b60000,0x07bb0000)]
  0x07c85400 JavaThread "Cache worker for file hash cache (D:\gitApplication\.gradle\4.0-rc-1\fileHashes)" [_thread_blocked, id=6704, stack(0x09ac0000,0x09b10000)]
  0x07c84800 JavaThread "Stdin handler" [_thread_blocked, id=6524, stack(0x08f20000,0x08f70000)]
  0x07c80800 JavaThread "Asynchronous log dispatcher for DefaultDaemonConnection: socket connection from /127.0.0.1:49266 to /127.0.0.1:49702" [_thread_blocked, id=7012, stack(0x08e20000,0x08e70000)]
  0x07c81400 JavaThread "Cancel handler" [_thread_blocked, id=6280, stack(0x07890000,0x078e0000)]
  0x07c7fc00 JavaThread "Handler for socket connection from /127.0.0.1:49266 to /127.0.0.1:49702" [_thread_in_native, id=3808, stack(0x06230000,0x06280000)]
  0x07c80c00 JavaThread "Daemon worker Thread 3" [_thread_blocked, id=4348, stack(0x07840000,0x07890000)]
  0x07c82000 JavaThread "Daemon Thread 3" [_thread_blocked, id=5996, stack(0x066f0000,0x06740000)]
  0x07c82800 JavaThread "Memory manager" [_thread_blocked, id=4692, stack(0x09bd0000,0x09c20000)]
  0x07c7f400 JavaThread "File lock request listener" [_thread_in_native, id=5340, stack(0x08dd0000,0x08e20000)]
  0x07c7f000 JavaThread "Cache worker for file hash cache (C:\Users\Administrator\.gradle\caches\4.0-rc-1\fileHashes)" [_thread_blocked, id=2632, stack(0x08cb0000,0x08d00000)]
  0x06f36400 JavaThread "Daemon periodic checks" [_thread_blocked, id=5868, stack(0x07630000,0x07680000)]
  0x06ebcc00 JavaThread "Incoming local TCP Connector on port 49266" [_thread_in_native, id=636, stack(0x07470000,0x074c0000)]
  0x06e4f800 JavaThread "Daemon health stats" [_thread_blocked, id=4672, stack(0x05fd0000,0x06020000)]
  0x05ac2000 JavaThread "Service Thread" daemon [_thread_blocked, id=4972, stack(0x06280000,0x062d0000)]
  0x05a8ac00 JavaThread "C1 CompilerThread0" daemon [_thread_blocked, id=5740, stack(0x05d40000,0x05d90000)]
  0x05a8a000 JavaThread "Attach Listener" daemon [_thread_blocked, id=3976, stack(0x060d0000,0x06120000)]
  0x05a86000 JavaThread "Signal Dispatcher" daemon [_thread_blocked, id=2084, stack(0x06040000,0x06090000)]
  0x05a67c00 JavaThread "Finalizer" daemon [_thread_blocked, id=4768, stack(0x05c70000,0x05cc0000)]
  0x05a41400 JavaThread "Reference Handler" daemon [_thread_blocked, id=4860, stack(0x05e70000,0x05ec0000)]
  0x031bc800 JavaThread "main" [_thread_blocked, id=4948, stack(0x03130000,0x03180000)]

Other Threads:
  0x05a3b000 VMThread [stack: 0x05d90000,0x05de0000] [id=2028]
  0x05ac2c00 WatcherThread [stack: 0x05df0000,0x05e40000] [id=5056]

VM state:not at safepoint (normal execution)

VM Mutex/Monitor currently owned by a thread: None

Heap:
 def new generation   total 35072K, used 30680K [0x10200000, 0x12800000, 0x25750000)
  eden space 31232K,  85% used [0x10200000, 0x11c362d8, 0x12080000)
  from space 3840K, 100% used [0x12440000, 0x12800000, 0x12800000)
  to   space 3840K,   0% used [0x12080000, 0x12080000, 0x12440000)
 tenured generation   total 77568K, used 65414K [0x25750000, 0x2a310000, 0x50200000)
   the space 77568K,  84% used [0x25750000, 0x29731a18, 0x29731c00, 0x2a310000)
 Metaspace       used 41537K, capacity 43016K, committed 43136K, reserved 43392K

Card table byte_map: [0x05250000,0x05460000] byte_map_base: 0x051cf000

Polling page: 0x022a0000

CodeCache: size=32768Kb used=8388Kb max_used=8452Kb free=24379Kb
 bounds [0x031c0000, 0x03a10000, 0x051c0000]
 total_blobs=5041 nmethods=4576 adapters=395
 compilation: enabled

Compilation events (10 events):
Event: 3033.973 Thread 0x05a8ac00 7282             com.android.utils.XmlUtils$PositionAwareStringBuilder::getOffset (8 bytes)
Event: 3033.973 Thread 0x05a8ac00 nmethod 7282 0x036a18c8 code [0x036a19c0, 0x036a1a50]
Event: 3033.974 Thread 0x05a8ac00 7283             com.sun.org.apache.xerces.internal.dom.ElementImpl::getTagName (16 bytes)
Event: 3033.974 Thread 0x05a8ac00 nmethod 7283 0x036a1688 code [0x036a1790, 0x036a185c]
Event: 3033.975 Thread 0x05a8ac00 7284             com.android.utils.PositionXmlParser::getPositionHelper (757 bytes)
Event: 3033.977 Thread 0x05a8ac00 nmethod 7284 0x0369de48 code [0x0369e230, 0x0369f7c8]
Event: 3033.977 Thread 0x05a8ac00 7285             com.android.ide.common.blame.SourceFilePosition::equals (55 bytes)
Event: 3033.977 Thread 0x05a8ac00 nmethod 7285 0x0369d9c8 code [0x0369dae0, 0x0369dcd8]
Event: 3033.982 Thread 0x05a8ac00 7286             sun.nio.cs.UTF_8$Encoder::encodeArrayLoop (489 bytes)
Event: 3033.984 Thread 0x05a8ac00 nmethod 7286 0x0369b108 code [0x0369b450, 0x0369c14c]

GC Heap History (10 events):
Event: 3027.889 GC heap before
{Heap before GC invocations=122 (full 6):
 def new generation   total 35072K, used 33508K [0x10200000, 0x12800000, 0x25750000)
  eden space 31232K, 100% used [0x10200000, 0x12080000, 0x12080000)
  from space 3840K,  59% used [0x12080000, 0x122b93e8, 0x12440000)
  to   space 3840K,   0% used [0x12440000, 0x12440000, 0x12800000)
 tenured generation   total 77568K, used 56828K [0x25750000, 0x2a310000, 0x50200000)
   the space 77568K,  73% used [0x25750000, 0x28ecf0e8, 0x28ecf200, 0x2a310000)
 Metaspace       used 40429K, capacity 41729K, committed 42112K, reserved 42368K
Event: 3027.896 GC heap after
Heap after GC invocations=123 (full 6):
 def new generation   total 35072K, used 2250K [0x10200000, 0x12800000, 0x25750000)
  eden space 31232K,   0% used [0x10200000, 0x10200000, 0x12080000)
  from space 3840K,  58% used [0x12440000, 0x12672a18, 0x12800000)
  to   space 3840K,   0% used [0x12080000, 0x12080000, 0x12440000)
 tenured generation   total 77568K, used 57903K [0x25750000, 0x2a310000, 0x50200000)
   the space 77568K,  74% used [0x25750000, 0x28fdbe10, 0x28fdc000, 0x2a310000)
 Metaspace       used 40429K, capacity 41729K, committed 42112K, reserved 42368K
}
Event: 3030.477 GC heap before
{Heap before GC invocations=123 (full 6):
 def new generation   total 35072K, used 33482K [0x10200000, 0x12800000, 0x25750000)
  eden space 31232K, 100% used [0x10200000, 0x12080000, 0x12080000)
  from space 3840K,  58% used [0x12440000, 0x12672a18, 0x12800000)
  to   space 3840K,   0% used [0x12080000, 0x12080000, 0x12440000)
 tenured generation   total 77568K, used 57903K [0x25750000, 0x2a310000, 0x50200000)
   the space 77568K,  74% used [0x25750000, 0x28fdbe10, 0x28fdc000, 0x2a310000)
 Metaspace       used 40504K, capacity 41847K, committed 42112K, reserved 42368K
Event: 3030.490 GC heap after
Heap after GC invocations=124 (full 6):
 def new generation   total 35072K, used 2558K [0x10200000, 0x12800000, 0x25750000)
  eden space 31232K,   0% used [0x10200000, 0x10200000, 0x12080000)
  from space 3840K,  66% used [0x12080000, 0x122ff8c0, 0x12440000)
  to   space 3840K,   0% used [0x12440000, 0x12440000, 0x12800000)
 tenured generation   total 77568K, used 59083K [0x25750000, 0x2a310000, 0x50200000)
   the space 77568K,  76% used [0x25750000, 0x29102d08, 0x29102e00, 0x2a310000)
 Metaspace       used 40504K, capacity 41847K, committed 42112K, reserved 42368K
}
Event: 3032.169 GC heap before
{Heap before GC invocations=124 (full 6):
 def new generation   total 35072K, used 33790K [0x10200000, 0x12800000, 0x25750000)
  eden space 31232K, 100% used [0x10200000, 0x12080000, 0x12080000)
  from space 3840K,  66% used [0x12080000, 0x122ff8c0, 0x12440000)
  to   space 3840K,   0% used [0x12440000, 0x12440000, 0x12800000)
 tenured generation   total 77568K, used 59083K [0x25750000, 0x2a310000, 0x50200000)
   the space 77568K,  76% used [0x25750000, 0x29102d08, 0x29102e00, 0x2a310000)
 Metaspace       used 40880K, capacity 42335K, committed 42368K, reserved 42368K
Event: 3032.180 GC heap after
Heap after GC invocations=125 (full 6):
 def new generation   total 35072K, used 3367K [0x10200000, 0x12800000, 0x25750000)
  eden space 31232K,   0% used [0x10200000, 0x10200000, 0x12080000)
  from space 3840K,  87% used [0x12440000, 0x12789e48, 0x12800000)
  to   space 3840K,   0% used [0x12080000, 0x12080000, 0x12440000)
 tenured generation   total 77568K, used 60144K [0x25750000, 0x2a310000, 0x50200000)
   the space 77568K,  77% used [0x25750000, 0x2920c318, 0x2920c400, 0x2a310000)
 Metaspace       used 40880K, capacity 42335K, committed 42368K, reserved 42368K
}
Event: 3032.501 GC heap before
{Heap before GC invocations=125 (full 6):
 def new generation   total 35072K, used 34599K [0x10200000, 0x12800000, 0x25750000)
  eden space 31232K, 100% used [0x10200000, 0x12080000, 0x12080000)
  from space 3840K,  87% used [0x12440000, 0x12789e48, 0x12800000)
  to   space 3840K,   0% used [0x12080000, 0x12080000, 0x12440000)
 tenured generation   total 77568K, used 60144K [0x25750000, 0x2a310000, 0x50200000)
   the space 77568K,  77% used [0x25750000, 0x2920c318, 0x2920c400, 0x2a310000)
 Metaspace       used 40891K, capacity 42350K, committed 42368K, reserved 42368K
Event: 3032.513 GC heap after
Heap after GC invocations=126 (full 6):
 def new generation   total 35072K, used 1343K [0x10200000, 0x12800000, 0x25750000)
  eden space 31232K,   0% used [0x10200000, 0x10200000, 0x12080000)
  from space 3840K,  34% used [0x12080000, 0x121cfe80, 0x12440000)
  to   space 3840K,   0% used [0x12440000, 0x12440000, 0x12800000)
 tenured generation   total 77568K, used 63192K [0x25750000, 0x2a310000, 0x50200000)
   the space 77568K,  81% used [0x25750000, 0x295060a8, 0x29506200, 0x2a310000)
 Metaspace       used 40891K, capacity 42350K, committed 42368K, reserved 42368K
}
Event: 3033.585 GC heap before
{Heap before GC invocations=126 (full 6):
 def new generation   total 35072K, used 32575K [0x10200000, 0x12800000, 0x25750000)
  eden space 31232K, 100% used [0x10200000, 0x12080000, 0x12080000)
  from space 3840K,  34% used [0x12080000, 0x121cfe80, 0x12440000)
  to   space 3840K,   0% used [0x12440000, 0x12440000, 0x12800000)
 tenured generation   total 77568K, used 63192K [0x25750000, 0x2a310000, 0x50200000)
   the space 77568K,  81% used [0x25750000, 0x295060a8, 0x29506200, 0x2a310000)
 Metaspace       used 41338K, capacity 42816K, committed 42880K, reserved 43392K
Event: 3033.604 GC heap after
Heap after GC invocations=127 (full 6):
 def new generation   total 35072K, used 3840K [0x10200000, 0x12800000, 0x25750000)
  eden space 31232K,   0% used [0x10200000, 0x10200000, 0x12080000)
  from space 3840K, 100% used [0x12440000, 0x12800000, 0x12800000)
  to   space 3840K,   0% used [0x12080000, 0x12080000, 0x12440000)
 tenured generation   total 77568K, used 65414K [0x25750000, 0x2a310000, 0x50200000)
   the space 77568K,  84% used [0x25750000, 0x29731a18, 0x29731c00, 0x2a310000)
 Metaspace       used 41338K, capacity 42816K, committed 42880K, reserved 43392K
}

Deoptimization events (0 events):
No events

Classes redefined (0 events):
No events

Internal exceptions (10 events):
Event: 3032.474 Thread 0x07c80c00 Exception <a 'sun/nio/fs/WindowsException'> (0x11d57510) thrown at [C:\re\workspace\8-2-build-windows-i586-cygwin\jdk8u171\10807\hotspot\src\share\vm\prims\jni.cpp, line 709]
Event: 3032.474 Thread 0x07c80c00 Exception <a 'sun/nio/fs/WindowsException'> (0x11d5a3d0) thrown at [C:\re\workspace\8-2-build-windows-i586-cygwin\jdk8u171\10807\hotspot\src\share\vm\prims\jni.cpp, line 709]
Event: 3032.474 Thread 0x07c80c00 Exception <a 'sun/nio/fs/WindowsException'> (0x11d5ade0) thrown at [C:\re\workspace\8-2-build-windows-i586-cygwin\jdk8u171\10807\hotspot\src\share\vm\prims\jni.cpp, line 709]
Event: 3032.474 Thread 0x07c80c00 Exception <a 'sun/nio/fs/WindowsException'> (0x11d5c7b0) thrown at [C:\re\workspace\8-2-build-windows-i586-cygwin\jdk8u171\10807\hotspot\src\share\vm\prims\jni.cpp, line 709]
Event: 3032.474 Thread 0x07c80c00 Exception <a 'sun/nio/fs/WindowsException'> (0x11d5d3c0) thrown at [C:\re\workspace\8-2-build-windows-i586-cygwin\jdk8u171\10807\hotspot\src\share\vm\prims\jni.cpp, line 709]
Event: 3032.474 Thread 0x07c80c00 Exception <a 'sun/nio/fs/WindowsException'> (0x11d606f0) thrown at [C:\re\workspace\8-2-build-windows-i586-cygwin\jdk8u171\10807\hotspot\src\share\vm\prims\jni.cpp, line 709]
Event: 3032.475 Thread 0x07c80c00 Exception <a 'sun/nio/fs/WindowsException'> (0x11d610d0) thrown at [C:\re\workspace\8-2-build-windows-i586-cygwin\jdk8u171\10807\hotspot\src\share\vm\prims\jni.cpp, line 709]
Event: 3032.475 Thread 0x07c80c00 Exception <a 'sun/nio/fs/WindowsException'> (0x11d62aa0) thrown at [C:\re\workspace\8-2-build-windows-i586-cygwin\jdk8u171\10807\hotspot\src\share\vm\prims\jni.cpp, line 709]
Event: 3032.475 Thread 0x07c80c00 Exception <a 'sun/nio/fs/WindowsException'> (0x11d63698) thrown at [C:\re\workspace\8-2-build-windows-i586-cygwin\jdk8u171\10807\hotspot\src\share\vm\prims\jni.cpp, line 709]
Event: 3034.029 Thread 0x0a94b400 Exception <a 'java/lang/UnsatisfiedLinkError': com.android.tools.aapt2.Aapt2Jni.ping()V> (0x11c0cb28) thrown at [C:\re\workspace\8-2-build-windows-i586-cygwin\jdk8u171\10807\hotspot\src\share\vm\prims\nativeLookup.cpp, line 378]

Events (10 events):
Event: 3033.992 loading class com/android/tools/aapt2/Aapt2JniLogCallback
Event: 3033.992 loading class com/android/tools/aapt2/Aapt2JniLogCallback done
Event: 3034.288 loading class com/android/tools/aapt2/Aapt2Result
Event: 3034.288 loading class com/android/tools/aapt2/Aapt2Result done
Event: 3034.293 loading class com/android/tools/aapt2/Aapt2Result$Builder
Event: 3034.293 loading class com/android/tools/aapt2/Aapt2Result$Builder done
Event: 3034.294 loading class com/android/tools/aapt2/AutoValue_Aapt2Result$Builder
Event: 3034.294 loading class com/android/tools/aapt2/AutoValue_Aapt2Result$Builder done
Event: 3034.295 loading class com/android/tools/aapt2/AutoValue_Aapt2Result
Event: 3034.295 loading class com/android/tools/aapt2/AutoValue_Aapt2Result done


Dynamic libraries:
0x00880000 - 0x008b3000 	D:\Program Files (x86)\Java\jdk1.8.0_171\bin\java.exe
0x77c00000 - 0x77d80000 	C:\Windows\SysWOW64\ntdll.dll
0x75c10000 - 0x75d20000 	C:\Windows\syswow64\kernel32.dll
0x757e0000 - 0x75827000 	C:\Windows\syswow64\KERNELBASE.dll
0x10000000 - 0x100c3000 	C:\Windows\system32\winhafnt.dll
0x75520000 - 0x75620000 	C:\Windows\syswow64\USER32.dll
0x76490000 - 0x76520000 	C:\Windows\syswow64\GDI32.dll
0x76230000 - 0x7623a000 	C:\Windows\syswow64\LPK.dll
0x75700000 - 0x7579d000 	C:\Windows\syswow64\USP10.dll
0x75830000 - 0x758dc000 	C:\Windows\syswow64\msvcrt.dll
0x75ff0000 - 0x76091000 	C:\Windows\syswow64\ADVAPI32.dll
0x763d0000 - 0x763e9000 	C:\Windows\SysWOW64\sechost.dll
0x758e0000 - 0x759d0000 	C:\Windows\syswow64\RPCRT4.dll
0x754a0000 - 0x75500000 	C:\Windows\syswow64\SspiCli.dll
0x75490000 - 0x7549c000 	C:\Windows\syswow64\CRYPTBASE.dll
0x753c0000 - 0x753c9000 	C:\Windows\system32\VERSION.dll
0x73c70000 - 0x73e0e000 	C:\Windows\WinSxS\x86_microsoft.windows.common-controls_6595b64144ccf1df_6.0.7601.18837_none_41e855142bd5705d\COMCTL32.dll
0x76420000 - 0x76477000 	C:\Windows\syswow64\SHLWAPI.dll
0x76310000 - 0x76370000 	C:\Windows\system32\IMM32.DLL
0x76240000 - 0x7630d000 	C:\Windows\syswow64\MSCTF.dll
0x72810000 - 0x72b53000 	C:\Windows\system32\winhadnt.dll
0x74cc0000 - 0x74cd2000 	C:\Windows\system32\MPR.dll
0x76ab0000 - 0x776fc000 	C:\Windows\syswow64\SHELL32.dll
0x75e90000 - 0x75fed000 	C:\Windows\syswow64\ole32.dll
0x77760000 - 0x777f1000 	C:\Windows\syswow64\OLEAUT32.dll
0x77720000 - 0x77755000 	C:\Windows\syswow64\WS2_32.dll
0x75e70000 - 0x75e76000 	C:\Windows\syswow64\NSI.dll
0x731a0000 - 0x731e4000 	C:\Windows\system32\Dnsapi.dll
0x02300000 - 0x024a9000 	C:\Windows\system32\DtFrame32.dll
0x02190000 - 0x021bd000 	C:\Windows\system32\TIjtdrvd32.dll
0x025b0000 - 0x026ad000 	C:\Windows\system32\winbrohca.dll
0x760a0000 - 0x760a5000 	C:\Windows\syswow64\PSAPI.DLL
0x752c0000 - 0x75311000 	C:\Windows\system32\winspool.drv
0x02200000 - 0x0224d000 	C:\Windows\system32\DtsFrame32.dll
0x75200000 - 0x75207000 	C:\Windows\system32\WinUsb.dll
0x5bdf0000 - 0x5beaf000 	D:\Program Files (x86)\Java\jdk1.8.0_171\jre\bin\msvcr100.dll
0x5ba10000 - 0x5bde1000 	D:\Program Files (x86)\Java\jdk1.8.0_171\jre\bin\client\jvm.dll
0x750f0000 - 0x750f7000 	C:\Windows\system32\WSOCK32.dll
0x72590000 - 0x725c2000 	C:\Windows\system32\WINMM.dll
0x5eec0000 - 0x5eecc000 	D:\Program Files (x86)\Java\jdk1.8.0_171\jre\bin\verify.dll
0x5ee90000 - 0x5eeb2000 	D:\Program Files (x86)\Java\jdk1.8.0_171\jre\bin\java.dll
0x5ee70000 - 0x5ee84000 	D:\Program Files (x86)\Java\jdk1.8.0_171\jre\bin\zip.dll
0x76220000 - 0x7622b000 	C:\Windows\syswow64\profapi.dll
0x5ee50000 - 0x5ee65000 	D:\Program Files (x86)\Java\jdk1.8.0_171\jre\bin\net.dll
0x730b0000 - 0x730ec000 	C:\Windows\system32\mswsock.dll
0x74d00000 - 0x74d06000 	C:\Windows\System32\wship6.dll
0x637b0000 - 0x637bf000 	D:\Program Files (x86)\Java\jdk1.8.0_171\jre\bin\nio.dll
0x5caf0000 - 0x5cb09000 	C:\Users\Administrator\.gradle\native\25\windows-i386\native-platform.dll
0x752a0000 - 0x752b7000 	C:\Windows\system32\CRYPTSP.dll
0x75260000 - 0x7529b000 	C:\Windows\system32\rsaenh.dll
0x760b0000 - 0x760c7000 	C:\Windows\syswow64\USERENV.dll
0x734f0000 - 0x7350c000 	C:\Windows\system32\IPHLPAPI.DLL
0x734e0000 - 0x734e7000 	C:\Windows\system32\WINNSI.DLL
0x73190000 - 0x7319d000 	C:\Windows\system32\dhcpcsvc6.DLL
0x731f0000 - 0x73202000 	C:\Windows\system32\dhcpcsvc.DLL
0x5ec90000 - 0x5ec9a000 	D:\Program Files (x86)\Java\jdk1.8.0_171\jre\bin\management.dll
0x0baa0000 - 0x0bbea000 	C:\Windows\system32\winncap332.dll
0x64b40000 - 0x64b58000 	C:\Users\Administrator\AppData\Local\Temp\aapt2_7850353130387422774.dir\libwinpthread-1.dll
0x63940000 - 0x63be2000 	C:\Users\Administrator\AppData\Local\Temp\aapt2_7850353130387422774.dir\libaapt2_jni.dll
0x721a0000 - 0x7228b000 	C:\Windows\system32\dbghelp.dll

VM Arguments:
jvm_args: -Xmx1024m -Dfile.encoding=GBK -Duser.country=CN -Duser.language=zh -Duser.variant 
java_command: org.gradle.launcher.daemon.bootstrap.GradleDaemon 4.0-rc-1
java_class_path (initial): C:\Users\Administrator\.gradle\wrapper\dists\gradle-4.0-rc-1-all\f2e4agya6jovmpf9txk9t7844\gradle-4.0-rc-1\lib\gradle-launcher-4.0.jar
Launcher Type: SUN_STANDARD

Environment Variables:
PATH=C:\Program Files (x86)\Common Files\Oracle\Java\javapath;C:\Windows\system32;C:\Windows;C:\Windows\System32\Wbem;C:\Windows\System32\WindowsPowerShell\v1.0\;D:\Program Files\bin;D:\Program Files\sbin;D:\Program Files\usr\local\bin;D:\Program Files\Git\cmd;D:\Program Files\TortoiseSVN\bin;D:\Android\Sdk\platform-tools
USERNAME=Administrator
OS=Windows_NT
PROCESSOR_IDENTIFIER=Intel64 Family 6 Model 94 Stepping 3, GenuineIntel



---------------  S Y S T E M  ---------------

OS: Windows 7 , 64 bit Build 7601 (6.1.7601.23915)

CPU:total 4 (initial active 4) (4 cores per cpu, 1 threads per core) family 6 model 94 stepping 3, cmov, cx8, fxsr, mmx, sse, sse2, sse3, ssse3, sse4.1, sse4.2, popcnt, avx, avx2, aes, clmul, erms, rtm, 3dnowpref, lzcnt, tsc, tscinvbit, bmi1, bmi2, adx

Memory: 4k page, physical 8274716k(4306132k free), swap 16547572k(12516740k free)

vm_info: Java HotSpot(TM) Client VM (25.171-b11) for windows-x86 JRE (1.8.0_171-b11), built on Mar 28 2018 14:51:22 by "java_re" with MS VC++ 10.0 (VS2010)

time: Fri May 25 10:15:43 2018
elapsed time: 3034 seconds (0d 0h 50m 34s)

